2022-10-28 06:14:46.373  INFO 19936 --- [main] com.nnk.springboot.Application           : Starting Application using Java 17.0.3.1 on DESKTOP-3DNGVDD with PID 19936 (C:\projet\Classrooms\Projet 7\Poseidon\target\classes started by lehch in C:\projet\Classrooms\Projet 7\Poseidon)
2022-10-28 06:14:46.376  INFO 19936 --- [main] com.nnk.springboot.Application           : No active profile set, falling back to 1 default profile: "default"
2022-10-28 06:14:47.042  INFO 19936 --- [main] .s.d.r.c.RepositoryConfigurationDelegate : Bootstrapping Spring Data JPA repositories in DEFAULT mode.
2022-10-28 06:14:47.121  INFO 19936 --- [main] .s.d.r.c.RepositoryConfigurationDelegate : Finished Spring Data repository scanning in 70 ms. Found 6 JPA repository interfaces.
2022-10-28 06:14:47.723  INFO 19936 --- [main] o.s.b.w.embedded.tomcat.TomcatWebServer  : Tomcat initialized with port(s): 8080 (http)
2022-10-28 06:14:47.732  INFO 19936 --- [main] o.apache.catalina.core.StandardService   : Starting service [Tomcat]
2022-10-28 06:14:47.732  INFO 19936 --- [main] org.apache.catalina.core.StandardEngine  : Starting Servlet engine: [Apache Tomcat/9.0.65]
2022-10-28 06:14:47.857  INFO 19936 --- [main] o.a.c.c.C.[Tomcat].[localhost].[/]       : Initializing Spring embedded WebApplicationContext
2022-10-28 06:14:47.858  INFO 19936 --- [main] w.s.c.ServletWebServerApplicationContext : Root WebApplicationContext: initialization completed in 1435 ms
2022-10-28 06:14:48.058  INFO 19936 --- [main] com.zaxxer.hikari.HikariDataSource       : HikariPool-1 - Starting...
2022-10-28 06:14:48.325  INFO 19936 --- [main] com.zaxxer.hikari.HikariDataSource       : HikariPool-1 - Start completed.
2022-10-28 06:14:48.382  INFO 19936 --- [main] o.hibernate.jpa.internal.util.LogHelper  : HHH000204: Processing PersistenceUnitInfo [name: default]
2022-10-28 06:14:48.432  INFO 19936 --- [main] org.hibernate.Version                    : HHH000412: Hibernate ORM core version 5.6.10.Final
2022-10-28 06:14:48.576  INFO 19936 --- [main] o.hibernate.annotations.common.Version   : HCANN000001: Hibernate Commons Annotations {5.1.2.Final}
2022-10-28 06:14:48.682  INFO 19936 --- [main] org.hibernate.dialect.Dialect            : HHH000400: Using dialect: org.hibernate.dialect.MySQL8Dialect
2022-10-28 06:14:49.308  INFO 19936 --- [main] o.h.e.t.j.p.i.JtaPlatformInitiator       : HHH000490: Using JtaPlatform implementation: [org.hibernate.engine.transaction.jta.platform.internal.NoJtaPlatform]
2022-10-28 06:14:49.318  INFO 19936 --- [main] j.LocalContainerEntityManagerFactoryBean : Initialized JPA EntityManagerFactory for persistence unit 'default'
2022-10-28 06:14:50.234  WARN 19936 --- [main] JpaBaseConfiguration$JpaWebConfiguration : spring.jpa.open-in-view is enabled by default. Therefore, database queries may be performed during view rendering. Explicitly configure spring.jpa.open-in-view to disable this warning
2022-10-28 06:14:50.606  INFO 19936 --- [main] o.s.s.web.DefaultSecurityFilterChain     : Will secure any request with [org.springframework.security.web.session.DisableEncodeUrlFilter@3bd79444, org.springframework.security.web.context.request.async.WebAsyncManagerIntegrationFilter@5671078e, org.springframework.security.web.context.SecurityContextPersistenceFilter@c3ca482, org.springframework.security.web.header.HeaderWriterFilter@74d776fb, org.springframework.security.web.csrf.CsrfFilter@556ae220, org.springframework.security.web.authentication.logout.LogoutFilter@47f5ab58, org.springframework.security.oauth2.client.web.OAuth2AuthorizationRequestRedirectFilter@1a34772e, org.springframework.security.oauth2.client.web.OAuth2LoginAuthenticationFilter@401002ce, org.springframework.security.web.authentication.UsernamePasswordAuthenticationFilter@6ca30886, org.springframework.security.web.savedrequest.RequestCacheAwareFilter@44580de0, org.springframework.security.web.servletapi.SecurityContextHolderAwareRequestFilter@7b4c793b, org.springframework.security.web.authentication.AnonymousAuthenticationFilter@3fd21272, org.springframework.security.web.session.SessionManagementFilter@122ea8dc, org.springframework.security.web.access.ExceptionTranslationFilter@646c872a, org.springframework.security.web.access.intercept.FilterSecurityInterceptor@38834000]
2022-10-28 06:14:50.989  INFO 19936 --- [main] o.s.b.w.embedded.tomcat.TomcatWebServer  : Tomcat started on port(s): 8080 (http) with context path ''
2022-10-28 06:14:51.001  INFO 19936 --- [main] com.nnk.springboot.Application           : Started Application in 5.015 seconds (JVM running for 5.699)
2022-10-28 06:15:08.713  INFO 19936 --- [http-nio-8080-exec-1] o.a.c.c.C.[Tomcat].[localhost].[/]       : Initializing Spring DispatcherServlet 'dispatcherServlet'
2022-10-28 06:15:08.713  INFO 19936 --- [http-nio-8080-exec-1] o.s.web.servlet.DispatcherServlet        : Initializing Servlet 'dispatcherServlet'
2022-10-28 06:15:08.715  INFO 19936 --- [http-nio-8080-exec-1] o.s.web.servlet.DispatcherServlet        : Completed initialization in 1 ms
2022-10-28 06:15:08.845  INFO 19936 --- [http-nio-8080-exec-2] com.nnk.springboot.aspect.LoggingAspect  : Method login with parameters [] called
2022-10-28 06:15:08.850  INFO 19936 --- [http-nio-8080-exec-2] com.nnk.springboot.aspect.LoggingAspect  : Method login with parameters [] executed
2022-10-28 06:15:12.207  INFO 19936 --- [http-nio-8080-exec-5] com.nnk.springboot.aspect.LoggingAspect  : Method home with parameters [{}] called
2022-10-28 06:15:12.212  INFO 19936 --- [http-nio-8080-exec-5] com.nnk.springboot.aspect.LoggingAspect  : Method home with parameters [{}] executed
2022-10-28 06:15:15.713  INFO 19936 --- [http-nio-8080-exec-7] com.nnk.springboot.aspect.LoggingAspect  : Method login with parameters [] called
2022-10-28 06:15:15.714  INFO 19936 --- [http-nio-8080-exec-7] com.nnk.springboot.aspect.LoggingAspect  : Method login with parameters [] executed
2022-10-28 06:15:17.127  INFO 19936 --- [http-nio-8080-exec-10] com.nnk.springboot.aspect.LoggingAspect  : Method getAllBiddList with parameters [{}] called
2022-10-28 06:15:17.139  INFO 19936 --- [http-nio-8080-exec-10] com.nnk.springboot.aspect.LoggingAspect  : Method getAllBiddList with parameters [{bidLists=[BidList{BidListId=65, account='accoutest3', type='typtest3'}]}] executed
2022-10-28 06:16:08.436  INFO 19936 --- [http-nio-8080-exec-2] com.nnk.springboot.aspect.LoggingAspect  : Method addBidForm with parameters [BidList{BidListId=null, account='null', type='null'}] called
2022-10-28 06:16:08.436  INFO 19936 --- [http-nio-8080-exec-2] com.nnk.springboot.aspect.LoggingAspect  : Method addBidForm with parameters [BidList{BidListId=null, account='null', type='null'}] executed
2022-10-28 06:17:04.911  INFO 19936 --- [http-nio-8080-exec-5] com.nnk.springboot.aspect.LoggingAspect  : Method addBid with parameters [BidList{BidListId=null, account='accoutest', type='typtest'}, org.springframework.validation.BeanPropertyBindingResult: 0 errors, {bidList=BidList{BidListId=null, account='accoutest', type='typtest'}, org.springframework.validation.BindingResult.bidList=org.springframework.validation.BeanPropertyBindingResult: 0 errors}] called
2022-10-28 06:17:04.957  INFO 19936 --- [http-nio-8080-exec-5] com.nnk.springboot.aspect.LoggingAspect  : Method addBid with parameters [BidList{BidListId=68, account='accoutest', type='typtest'}, org.springframework.validation.BeanPropertyBindingResult: 0 errors, {bidList=BidList{BidListId=68, account='accoutest', type='typtest'}, org.springframework.validation.BindingResult.bidList=org.springframework.validation.BeanPropertyBindingResult: 0 errors, bidLists=[BidList{BidListId=65, account='accoutest3', type='typtest3'}, BidList{BidListId=68, account='accoutest', type='typtest'}]}] executed
2022-10-28 06:17:04.974  INFO 19936 --- [http-nio-8080-exec-6] com.nnk.springboot.aspect.LoggingAspect  : Method getAllBiddList with parameters [{}] called
2022-10-28 06:17:04.979  INFO 19936 --- [http-nio-8080-exec-6] com.nnk.springboot.aspect.LoggingAspect  : Method getAllBiddList with parameters [{bidLists=[BidList{BidListId=65, account='accoutest3', type='typtest3'}, BidList{BidListId=68, account='accoutest', type='typtest'}]}] executed
2022-10-28 06:19:44.913  INFO 19936 --- [SpringApplicationShutdownHook] j.LocalContainerEntityManagerFactoryBean : Closing JPA EntityManagerFactory for persistence unit 'default'
2022-10-28 06:19:44.914  INFO 19936 --- [SpringApplicationShutdownHook] com.zaxxer.hikari.HikariDataSource       : HikariPool-1 - Shutdown initiated...
2022-10-28 06:19:44.923  INFO 19936 --- [SpringApplicationShutdownHook] com.zaxxer.hikari.HikariDataSource       : HikariPool-1 - Shutdown completed.
2022-10-28 06:54:43.572  INFO 6540 --- [main] com.nnk.springboot.Application           : Starting Application using Java 17.0.3.1 on DESKTOP-3DNGVDD with PID 6540 (C:\projet\Classrooms\Projet 7\Poseidon\target\classes started by lehch in C:\projet\Classrooms\Projet 7\Poseidon)
2022-10-28 06:54:43.575  INFO 6540 --- [main] com.nnk.springboot.Application           : No active profile set, falling back to 1 default profile: "default"
2022-10-28 06:54:44.716  INFO 6540 --- [main] .s.d.r.c.RepositoryConfigurationDelegate : Bootstrapping Spring Data JPA repositories in DEFAULT mode.
2022-10-28 06:54:44.871  INFO 6540 --- [main] .s.d.r.c.RepositoryConfigurationDelegate : Finished Spring Data repository scanning in 140 ms. Found 6 JPA repository interfaces.
2022-10-28 06:54:45.813  INFO 6540 --- [main] o.s.b.w.embedded.tomcat.TomcatWebServer  : Tomcat initialized with port(s): 8080 (http)
2022-10-28 06:54:45.823  INFO 6540 --- [main] o.apache.catalina.core.StandardService   : Starting service [Tomcat]
2022-10-28 06:54:45.824  INFO 6540 --- [main] org.apache.catalina.core.StandardEngine  : Starting Servlet engine: [Apache Tomcat/9.0.65]
2022-10-28 06:54:45.950  INFO 6540 --- [main] o.a.c.c.C.[Tomcat].[localhost].[/]       : Initializing Spring embedded WebApplicationContext
2022-10-28 06:54:45.950  INFO 6540 --- [main] w.s.c.ServletWebServerApplicationContext : Root WebApplicationContext: initialization completed in 2284 ms
2022-10-28 06:54:46.126  INFO 6540 --- [main] com.zaxxer.hikari.HikariDataSource       : HikariPool-1 - Starting...
2022-10-28 06:54:46.399  INFO 6540 --- [main] com.zaxxer.hikari.HikariDataSource       : HikariPool-1 - Start completed.
2022-10-28 06:54:46.448  INFO 6540 --- [main] o.hibernate.jpa.internal.util.LogHelper  : HHH000204: Processing PersistenceUnitInfo [name: default]
2022-10-28 06:54:46.497  INFO 6540 --- [main] org.hibernate.Version                    : HHH000412: Hibernate ORM core version 5.6.10.Final
2022-10-28 06:54:46.645  INFO 6540 --- [main] o.hibernate.annotations.common.Version   : HCANN000001: Hibernate Commons Annotations {5.1.2.Final}
2022-10-28 06:54:46.757  INFO 6540 --- [main] org.hibernate.dialect.Dialect            : HHH000400: Using dialect: org.hibernate.dialect.MySQL8Dialect
2022-10-28 06:54:47.394  INFO 6540 --- [main] o.h.e.t.j.p.i.JtaPlatformInitiator       : HHH000490: Using JtaPlatform implementation: [org.hibernate.engine.transaction.jta.platform.internal.NoJtaPlatform]
2022-10-28 06:54:47.403  INFO 6540 --- [main] j.LocalContainerEntityManagerFactoryBean : Initialized JPA EntityManagerFactory for persistence unit 'default'
2022-10-28 06:54:48.299  WARN 6540 --- [main] JpaBaseConfiguration$JpaWebConfiguration : spring.jpa.open-in-view is enabled by default. Therefore, database queries may be performed during view rendering. Explicitly configure spring.jpa.open-in-view to disable this warning
2022-10-28 06:54:48.642  INFO 6540 --- [main] o.s.s.web.DefaultSecurityFilterChain     : Will secure any request with [org.springframework.security.web.session.DisableEncodeUrlFilter@40f15786, org.springframework.security.web.context.request.async.WebAsyncManagerIntegrationFilter@72ea6fcb, org.springframework.security.web.context.SecurityContextPersistenceFilter@32430075, org.springframework.security.web.header.HeaderWriterFilter@33425171, org.springframework.security.web.csrf.CsrfFilter@1f2497d9, org.springframework.security.web.authentication.logout.LogoutFilter@4d6027be, org.springframework.security.oauth2.client.web.OAuth2AuthorizationRequestRedirectFilter@3dc4ed6f, org.springframework.security.oauth2.client.web.OAuth2LoginAuthenticationFilter@2823b7c5, org.springframework.security.web.authentication.UsernamePasswordAuthenticationFilter@6318ff9, org.springframework.security.web.savedrequest.RequestCacheAwareFilter@1e3a2177, org.springframework.security.web.servletapi.SecurityContextHolderAwareRequestFilter@58720eb9, org.springframework.security.web.authentication.AnonymousAuthenticationFilter@7ee9920a, org.springframework.security.web.session.SessionManagementFilter@40fd1a78, org.springframework.security.web.access.ExceptionTranslationFilter@239bc43f, org.springframework.security.web.access.intercept.FilterSecurityInterceptor@498f5728]
2022-10-28 06:54:49.035  INFO 6540 --- [main] o.s.b.w.embedded.tomcat.TomcatWebServer  : Tomcat started on port(s): 8080 (http) with context path ''
2022-10-28 06:54:49.048  INFO 6540 --- [main] com.nnk.springboot.Application           : Started Application in 6.12 seconds (JVM running for 7.136)
2022-10-28 06:54:55.932  INFO 6540 --- [http-nio-8080-exec-1] o.a.c.c.C.[Tomcat].[localhost].[/]       : Initializing Spring DispatcherServlet 'dispatcherServlet'
2022-10-28 06:54:55.933  INFO 6540 --- [http-nio-8080-exec-1] o.s.web.servlet.DispatcherServlet        : Initializing Servlet 'dispatcherServlet'
2022-10-28 06:54:55.934  INFO 6540 --- [http-nio-8080-exec-1] o.s.web.servlet.DispatcherServlet        : Completed initialization in 1 ms
2022-10-28 06:54:56.031  INFO 6540 --- [http-nio-8080-exec-2] com.nnk.springboot.aspect.LoggingAspect  : Method login with parameters [] called
2022-10-28 06:54:56.036  INFO 6540 --- [http-nio-8080-exec-2] com.nnk.springboot.aspect.LoggingAspect  : Method login with parameters [] executed
2022-10-28 06:54:56.453  INFO 6540 --- [http-nio-8080-exec-5] com.nnk.springboot.aspect.LoggingAspect  : Method login with parameters [] called
2022-10-28 06:54:56.453  INFO 6540 --- [http-nio-8080-exec-5] com.nnk.springboot.aspect.LoggingAspect  : Method login with parameters [] executed
2022-10-28 06:55:08.930  INFO 6540 --- [http-nio-8080-exec-7] com.nnk.springboot.aspect.LoggingAspect  : Method login with parameters [] called
2022-10-28 06:55:08.931  INFO 6540 --- [http-nio-8080-exec-7] com.nnk.springboot.aspect.LoggingAspect  : Method login with parameters [] executed
2022-10-28 06:55:21.184  INFO 6540 --- [http-nio-8080-exec-10] com.nnk.springboot.aspect.LoggingAspect  : Method home with parameters [{}] called
2022-10-28 06:55:21.188  INFO 6540 --- [http-nio-8080-exec-10] com.nnk.springboot.aspect.LoggingAspect  : Method home with parameters [{}] executed
2022-10-28 06:55:26.406  INFO 6540 --- [http-nio-8080-exec-3] com.nnk.springboot.aspect.LoggingAspect  : Method login with parameters [] called
2022-10-28 06:55:26.406  INFO 6540 --- [http-nio-8080-exec-3] com.nnk.springboot.aspect.LoggingAspect  : Method login with parameters [] executed
2022-10-28 06:55:36.307  INFO 6540 --- [http-nio-8080-exec-6] com.nnk.springboot.aspect.LoggingAspect  : Method getAllBiddList with parameters [{}] called
2022-10-28 06:55:36.320  INFO 6540 --- [http-nio-8080-exec-6] com.nnk.springboot.aspect.LoggingAspect  : Method getAllBiddList with parameters [{bidLists=[BidList{BidListId=65, account='accoutest3', type='typtest3'}, BidList{BidListId=68, account='accoutest', type='typtest'}]}] executed
2022-10-28 06:56:05.979  INFO 6540 --- [http-nio-8080-exec-10] com.nnk.springboot.aspect.LoggingAspect  : Method login with parameters [] called
2022-10-28 06:56:05.980  INFO 6540 --- [http-nio-8080-exec-10] com.nnk.springboot.aspect.LoggingAspect  : Method login with parameters [] executed
2022-10-28 06:56:06.096  INFO 6540 --- [http-nio-8080-exec-3] com.nnk.springboot.aspect.LoggingAspect  : Method login with parameters [] called
2022-10-28 06:56:06.096  INFO 6540 --- [http-nio-8080-exec-3] com.nnk.springboot.aspect.LoggingAspect  : Method login with parameters [] executed
2022-10-28 06:56:11.722  INFO 6540 --- [http-nio-8080-exec-8] com.nnk.springboot.aspect.LoggingAspect  : Method home with parameters [{}] called
2022-10-28 06:56:11.723  INFO 6540 --- [http-nio-8080-exec-8] com.nnk.springboot.aspect.LoggingAspect  : Method home with parameters [{}] executed
2022-10-28 06:56:13.751  INFO 6540 --- [http-nio-8080-exec-1] com.nnk.springboot.aspect.LoggingAspect  : Method login with parameters [] called
2022-10-28 06:56:13.751  INFO 6540 --- [http-nio-8080-exec-1] com.nnk.springboot.aspect.LoggingAspect  : Method login with parameters [] executed
2022-10-28 06:56:16.802  INFO 6540 --- [http-nio-8080-exec-5] com.nnk.springboot.aspect.LoggingAspect  : Method getAllBiddList with parameters [{}] called
2022-10-28 06:56:16.806  INFO 6540 --- [http-nio-8080-exec-5] com.nnk.springboot.aspect.LoggingAspect  : Method getAllBiddList with parameters [{bidLists=[BidList{BidListId=65, account='accoutest3', type='typtest3'}, BidList{BidListId=68, account='accoutest', type='typtest'}]}] executed
2022-10-28 06:57:19.910  INFO 6540 --- [http-nio-8080-exec-10] com.nnk.springboot.aspect.LoggingAspect  : Method home with parameters [{}] called
2022-10-28 06:57:19.910  INFO 6540 --- [http-nio-8080-exec-10] com.nnk.springboot.aspect.LoggingAspect  : Method home with parameters [{}] executed
2022-10-28 06:57:21.055  INFO 6540 --- [http-nio-8080-exec-2] com.nnk.springboot.aspect.LoggingAspect  : Method login with parameters [] called
2022-10-28 06:57:21.056  INFO 6540 --- [http-nio-8080-exec-2] com.nnk.springboot.aspect.LoggingAspect  : Method login with parameters [] executed
2022-10-28 06:57:22.409  INFO 6540 --- [http-nio-8080-exec-5] com.nnk.springboot.aspect.LoggingAspect  : Method getAllBiddList with parameters [{}] called
2022-10-28 06:57:22.413  INFO 6540 --- [http-nio-8080-exec-5] com.nnk.springboot.aspect.LoggingAspect  : Method getAllBiddList with parameters [{bidLists=[BidList{BidListId=65, account='accoutest3', type='typtest3'}, BidList{BidListId=68, account='accoutest', type='typtest'}]}] executed
2022-10-28 06:58:36.968  INFO 6540 --- [http-nio-8080-exec-10] com.nnk.springboot.aspect.LoggingAspect  : Method login with parameters [] called
2022-10-28 06:58:36.968  INFO 6540 --- [http-nio-8080-exec-10] com.nnk.springboot.aspect.LoggingAspect  : Method login with parameters [] executed
2022-10-28 06:58:40.316  INFO 6540 --- [http-nio-8080-exec-3] com.nnk.springboot.aspect.LoggingAspect  : Method getAllBiddList with parameters [{}] called
2022-10-28 06:58:40.320  INFO 6540 --- [http-nio-8080-exec-3] com.nnk.springboot.aspect.LoggingAspect  : Method getAllBiddList with parameters [{bidLists=[BidList{BidListId=65, account='accoutest3', type='typtest3'}, BidList{BidListId=68, account='accoutest', type='typtest'}]}] executed
2022-10-28 06:58:59.534  INFO 6540 --- [http-nio-8080-exec-6] com.nnk.springboot.aspect.LoggingAspect  : Method login with parameters [] called
2022-10-28 06:58:59.534  INFO 6540 --- [http-nio-8080-exec-6] com.nnk.springboot.aspect.LoggingAspect  : Method login with parameters [] executed
2022-10-28 06:59:05.016  INFO 6540 --- [http-nio-8080-exec-10] com.nnk.springboot.aspect.LoggingAspect  : Method getAllBiddList with parameters [{}] called
2022-10-28 06:59:05.021  INFO 6540 --- [http-nio-8080-exec-10] com.nnk.springboot.aspect.LoggingAspect  : Method getAllBiddList with parameters [{bidLists=[BidList{BidListId=65, account='accoutest3', type='typtest3'}, BidList{BidListId=68, account='accoutest', type='typtest'}]}] executed
2022-10-28 06:59:33.247  INFO 6540 --- [SpringApplicationShutdownHook] j.LocalContainerEntityManagerFactoryBean : Closing JPA EntityManagerFactory for persistence unit 'default'
2022-10-28 06:59:33.248  INFO 6540 --- [SpringApplicationShutdownHook] com.zaxxer.hikari.HikariDataSource       : HikariPool-1 - Shutdown initiated...
2022-10-28 06:59:33.256  INFO 6540 --- [SpringApplicationShutdownHook] com.zaxxer.hikari.HikariDataSource       : HikariPool-1 - Shutdown completed.
2022-10-28 08:16:55.504  INFO 4328 --- [main] com.nnk.springboot.Application           : Starting Application using Java 17.0.3.1 on DESKTOP-3DNGVDD with PID 4328 (C:\projet\Classrooms\Projet 7\Poseidon\target\classes started by lehch in C:\projet\Classrooms\Projet 7\Poseidon)
2022-10-28 08:16:55.507  INFO 4328 --- [main] com.nnk.springboot.Application           : No active profile set, falling back to 1 default profile: "default"
2022-10-28 08:16:56.180  INFO 4328 --- [main] .s.d.r.c.RepositoryConfigurationDelegate : Bootstrapping Spring Data JPA repositories in DEFAULT mode.
2022-10-28 08:16:56.263  INFO 4328 --- [main] .s.d.r.c.RepositoryConfigurationDelegate : Finished Spring Data repository scanning in 73 ms. Found 6 JPA repository interfaces.
2022-10-28 08:16:56.971  INFO 4328 --- [main] o.s.b.w.embedded.tomcat.TomcatWebServer  : Tomcat initialized with port(s): 8080 (http)
2022-10-28 08:16:56.982  INFO 4328 --- [main] o.apache.catalina.core.StandardService   : Starting service [Tomcat]
2022-10-28 08:16:56.983  INFO 4328 --- [main] org.apache.catalina.core.StandardEngine  : Starting Servlet engine: [Apache Tomcat/9.0.65]
2022-10-28 08:16:57.153  INFO 4328 --- [main] o.a.c.c.C.[Tomcat].[localhost].[/]       : Initializing Spring embedded WebApplicationContext
2022-10-28 08:16:57.153  INFO 4328 --- [main] w.s.c.ServletWebServerApplicationContext : Root WebApplicationContext: initialization completed in 1591 ms
2022-10-28 08:16:57.372  INFO 4328 --- [main] com.zaxxer.hikari.HikariDataSource       : HikariPool-1 - Starting...
2022-10-28 08:16:57.652  INFO 4328 --- [main] com.zaxxer.hikari.HikariDataSource       : HikariPool-1 - Start completed.
2022-10-28 08:16:57.699  INFO 4328 --- [main] o.hibernate.jpa.internal.util.LogHelper  : HHH000204: Processing PersistenceUnitInfo [name: default]
2022-10-28 08:16:57.748  INFO 4328 --- [main] org.hibernate.Version                    : HHH000412: Hibernate ORM core version 5.6.10.Final
2022-10-28 08:16:57.891  INFO 4328 --- [main] o.hibernate.annotations.common.Version   : HCANN000001: Hibernate Commons Annotations {5.1.2.Final}
2022-10-28 08:16:58.000  INFO 4328 --- [main] org.hibernate.dialect.Dialect            : HHH000400: Using dialect: org.hibernate.dialect.MySQL8Dialect
2022-10-28 08:16:58.637  INFO 4328 --- [main] o.h.e.t.j.p.i.JtaPlatformInitiator       : HHH000490: Using JtaPlatform implementation: [org.hibernate.engine.transaction.jta.platform.internal.NoJtaPlatform]
2022-10-28 08:16:58.647  INFO 4328 --- [main] j.LocalContainerEntityManagerFactoryBean : Initialized JPA EntityManagerFactory for persistence unit 'default'
2022-10-28 08:16:59.529  WARN 4328 --- [main] JpaBaseConfiguration$JpaWebConfiguration : spring.jpa.open-in-view is enabled by default. Therefore, database queries may be performed during view rendering. Explicitly configure spring.jpa.open-in-view to disable this warning
2022-10-28 08:16:59.895  INFO 4328 --- [main] o.s.s.web.DefaultSecurityFilterChain     : Will secure any request with [org.springframework.security.web.session.DisableEncodeUrlFilter@4cb91fa4, org.springframework.security.web.context.request.async.WebAsyncManagerIntegrationFilter@12aa2cca, org.springframework.security.web.context.SecurityContextPersistenceFilter@277474fc, org.springframework.security.web.header.HeaderWriterFilter@122ea8dc, org.springframework.security.web.csrf.CsrfFilter@84eafc2, org.springframework.security.web.authentication.logout.LogoutFilter@4a013b23, org.springframework.security.oauth2.client.web.OAuth2AuthorizationRequestRedirectFilter@7b11ff9a, org.springframework.security.oauth2.client.web.OAuth2LoginAuthenticationFilter@3bd79444, org.springframework.security.web.authentication.UsernamePasswordAuthenticationFilter@498f5728, org.springframework.security.web.savedrequest.RequestCacheAwareFilter@51a69e8f, org.springframework.security.web.servletapi.SecurityContextHolderAwareRequestFilter@6442cf3e, org.springframework.security.web.authentication.AnonymousAuthenticationFilter@3dc4ed6f, org.springframework.security.web.session.SessionManagementFilter@239bc43f, org.springframework.security.web.access.ExceptionTranslationFilter@7298c2d9, org.springframework.security.web.access.intercept.FilterSecurityInterceptor@48cbe1c9]
2022-10-28 08:17:00.293  INFO 4328 --- [main] o.s.b.w.embedded.tomcat.TomcatWebServer  : Tomcat started on port(s): 8080 (http) with context path ''
2022-10-28 08:17:00.306  INFO 4328 --- [main] com.nnk.springboot.Application           : Started Application in 5.19 seconds (JVM running for 5.945)
2022-10-28 08:17:09.797  INFO 4328 --- [http-nio-8080-exec-1] o.a.c.c.C.[Tomcat].[localhost].[/]       : Initializing Spring DispatcherServlet 'dispatcherServlet'
2022-10-28 08:17:09.797  INFO 4328 --- [http-nio-8080-exec-1] o.s.web.servlet.DispatcherServlet        : Initializing Servlet 'dispatcherServlet'
2022-10-28 08:17:09.799  INFO 4328 --- [http-nio-8080-exec-1] o.s.web.servlet.DispatcherServlet        : Completed initialization in 1 ms
2022-10-28 08:17:09.895  INFO 4328 --- [http-nio-8080-exec-2] com.nnk.springboot.aspect.LoggingAspect  : Method login with parameters [] called
2022-10-28 08:17:09.900  INFO 4328 --- [http-nio-8080-exec-2] com.nnk.springboot.aspect.LoggingAspect  : Method login with parameters [] executed
2022-10-28 08:17:13.434  INFO 4328 --- [http-nio-8080-exec-5] com.nnk.springboot.aspect.LoggingAspect  : Method home with parameters [{}] called
2022-10-28 08:17:13.438  INFO 4328 --- [http-nio-8080-exec-5] com.nnk.springboot.aspect.LoggingAspect  : Method home with parameters [{}] executed
2022-10-28 08:17:14.803  INFO 4328 --- [http-nio-8080-exec-7] com.nnk.springboot.aspect.LoggingAspect  : Method login with parameters [] called
2022-10-28 08:17:14.804  INFO 4328 --- [http-nio-8080-exec-7] com.nnk.springboot.aspect.LoggingAspect  : Method login with parameters [] executed
2022-10-28 08:17:15.974  INFO 4328 --- [http-nio-8080-exec-10] com.nnk.springboot.aspect.LoggingAspect  : Method getAllBiddList with parameters [{}] called
2022-10-28 08:17:15.986  INFO 4328 --- [http-nio-8080-exec-10] com.nnk.springboot.aspect.LoggingAspect  : Method getAllBiddList with parameters [{bidLists=[BidList{BidListId=65, account='accoutest3', type='typtest3'}, BidList{BidListId=68, account='accoutest', type='typtest'}]}] executed
2022-10-28 08:17:20.217  INFO 4328 --- [http-nio-8080-exec-2] com.nnk.springboot.aspect.LoggingAspect  : Method addBidForm with parameters [BidList{BidListId=null, account='null', type='null'}] called
2022-10-28 08:17:20.217  INFO 4328 --- [http-nio-8080-exec-2] com.nnk.springboot.aspect.LoggingAspect  : Method addBidForm with parameters [BidList{BidListId=null, account='null', type='null'}] executed
2022-10-28 08:17:40.473  INFO 4328 --- [http-nio-8080-exec-4] com.nnk.springboot.aspect.LoggingAspect  : Method addBid with parameters [BidList{BidListId=null, account='accoutest55', type='typtest55'}, org.springframework.validation.BeanPropertyBindingResult: 0 errors, {bidList=BidList{BidListId=null, account='accoutest55', type='typtest55'}, org.springframework.validation.BindingResult.bidList=org.springframework.validation.BeanPropertyBindingResult: 0 errors}] called
2022-10-28 08:17:40.521  INFO 4328 --- [http-nio-8080-exec-4] com.nnk.springboot.aspect.LoggingAspect  : Method addBid with parameters [BidList{BidListId=69, account='accoutest55', type='typtest55'}, org.springframework.validation.BeanPropertyBindingResult: 0 errors, {bidList=BidList{BidListId=69, account='accoutest55', type='typtest55'}, org.springframework.validation.BindingResult.bidList=org.springframework.validation.BeanPropertyBindingResult: 0 errors, bidLists=[BidList{BidListId=65, account='accoutest3', type='typtest3'}, BidList{BidListId=68, account='accoutest', type='typtest'}, BidList{BidListId=69, account='accoutest55', type='typtest55'}]}] executed
2022-10-28 08:17:40.541  INFO 4328 --- [http-nio-8080-exec-5] com.nnk.springboot.aspect.LoggingAspect  : Method getAllBiddList with parameters [{}] called
2022-10-28 08:17:40.545  INFO 4328 --- [http-nio-8080-exec-5] com.nnk.springboot.aspect.LoggingAspect  : Method getAllBiddList with parameters [{bidLists=[BidList{BidListId=65, account='accoutest3', type='typtest3'}, BidList{BidListId=68, account='accoutest', type='typtest'}, BidList{BidListId=69, account='accoutest55', type='typtest55'}]}] executed
2022-10-28 08:17:45.187  INFO 4328 --- [http-nio-8080-exec-7] com.nnk.springboot.aspect.LoggingAspect  : Method showUpdateForm with parameters [69, {}] called
2022-10-28 08:17:45.200  INFO 4328 --- [http-nio-8080-exec-7] com.nnk.springboot.aspect.LoggingAspect  : Method showUpdateForm with parameters [69, {bidList=BidList{BidListId=69, account='accoutest55', type='typtest55'}}] executed
2022-10-28 08:17:47.330  INFO 4328 --- [http-nio-8080-exec-9] com.nnk.springboot.aspect.LoggingAspect  : Method getAllBiddList with parameters [{}] called
2022-10-28 08:17:47.335  INFO 4328 --- [http-nio-8080-exec-9] com.nnk.springboot.aspect.LoggingAspect  : Method getAllBiddList with parameters [{bidLists=[BidList{BidListId=65, account='accoutest3', type='typtest3'}, BidList{BidListId=68, account='accoutest', type='typtest'}, BidList{BidListId=69, account='accoutest55', type='typtest55'}]}] executed
2022-10-28 08:17:49.375  INFO 4328 --- [http-nio-8080-exec-1] com.nnk.springboot.aspect.LoggingAspect  : Method deleteBid with parameters [69, {}] called
2022-10-28 08:17:49.391  INFO 4328 --- [http-nio-8080-exec-1] com.nnk.springboot.aspect.LoggingAspect  : Method deleteBid with parameters [69, {bidLists=[BidList{BidListId=65, account='accoutest3', type='typtest3'}, BidList{BidListId=68, account='accoutest', type='typtest'}]}] executed
2022-10-28 08:17:49.399  INFO 4328 --- [http-nio-8080-exec-2] com.nnk.springboot.aspect.LoggingAspect  : Method getAllBiddList with parameters [{}] called
2022-10-28 08:17:49.403  INFO 4328 --- [http-nio-8080-exec-2] com.nnk.springboot.aspect.LoggingAspect  : Method getAllBiddList with parameters [{bidLists=[BidList{BidListId=65, account='accoutest3', type='typtest3'}, BidList{BidListId=68, account='accoutest', type='typtest'}]}] executed
2022-10-28 08:18:00.338  INFO 4328 --- [SpringApplicationShutdownHook] j.LocalContainerEntityManagerFactoryBean : Closing JPA EntityManagerFactory for persistence unit 'default'
2022-10-28 08:18:00.339  INFO 4328 --- [SpringApplicationShutdownHook] com.zaxxer.hikari.HikariDataSource       : HikariPool-1 - Shutdown initiated...
2022-10-28 08:18:00.347  INFO 4328 --- [SpringApplicationShutdownHook] com.zaxxer.hikari.HikariDataSource       : HikariPool-1 - Shutdown completed.
2022-10-28 12:20:33.341  INFO 6632 --- [main] com.nnk.springboot.Application           : Starting Application using Java 17.0.3.1 on DESKTOP-3DNGVDD with PID 6632 (C:\projet\Classrooms\Projet 7\Poseidon\target\classes started by lehch in C:\projet\Classrooms\Projet 7\Poseidon)
2022-10-28 12:20:33.344  INFO 6632 --- [main] com.nnk.springboot.Application           : No active profile set, falling back to 1 default profile: "default"
2022-10-28 12:20:34.050  INFO 6632 --- [main] .s.d.r.c.RepositoryConfigurationDelegate : Bootstrapping Spring Data JPA repositories in DEFAULT mode.
2022-10-28 12:20:34.133  INFO 6632 --- [main] .s.d.r.c.RepositoryConfigurationDelegate : Finished Spring Data repository scanning in 73 ms. Found 6 JPA repository interfaces.
2022-10-28 12:20:34.768  INFO 6632 --- [main] o.s.b.w.embedded.tomcat.TomcatWebServer  : Tomcat initialized with port(s): 8080 (http)
2022-10-28 12:20:34.777  INFO 6632 --- [main] o.apache.catalina.core.StandardService   : Starting service [Tomcat]
2022-10-28 12:20:34.777  INFO 6632 --- [main] org.apache.catalina.core.StandardEngine  : Starting Servlet engine: [Apache Tomcat/9.0.65]
2022-10-28 12:20:34.909  INFO 6632 --- [main] o.a.c.c.C.[Tomcat].[localhost].[/]       : Initializing Spring embedded WebApplicationContext
2022-10-28 12:20:34.910  INFO 6632 --- [main] w.s.c.ServletWebServerApplicationContext : Root WebApplicationContext: initialization completed in 1506 ms
2022-10-28 12:20:35.115  INFO 6632 --- [main] com.zaxxer.hikari.HikariDataSource       : HikariPool-1 - Starting...
2022-10-28 12:20:35.398  INFO 6632 --- [main] com.zaxxer.hikari.HikariDataSource       : HikariPool-1 - Start completed.
2022-10-28 12:20:35.448  INFO 6632 --- [main] o.hibernate.jpa.internal.util.LogHelper  : HHH000204: Processing PersistenceUnitInfo [name: default]
2022-10-28 12:20:35.500  INFO 6632 --- [main] org.hibernate.Version                    : HHH000412: Hibernate ORM core version 5.6.10.Final
2022-10-28 12:20:35.642  INFO 6632 --- [main] o.hibernate.annotations.common.Version   : HCANN000001: Hibernate Commons Annotations {5.1.2.Final}
2022-10-28 12:20:35.752  INFO 6632 --- [main] org.hibernate.dialect.Dialect            : HHH000400: Using dialect: org.hibernate.dialect.MySQL8Dialect
2022-10-28 12:20:36.399  INFO 6632 --- [main] o.h.e.t.j.p.i.JtaPlatformInitiator       : HHH000490: Using JtaPlatform implementation: [org.hibernate.engine.transaction.jta.platform.internal.NoJtaPlatform]
2022-10-28 12:20:36.408  INFO 6632 --- [main] j.LocalContainerEntityManagerFactoryBean : Initialized JPA EntityManagerFactory for persistence unit 'default'
2022-10-28 12:20:37.334  WARN 6632 --- [main] JpaBaseConfiguration$JpaWebConfiguration : spring.jpa.open-in-view is enabled by default. Therefore, database queries may be performed during view rendering. Explicitly configure spring.jpa.open-in-view to disable this warning
2022-10-28 12:20:37.702  INFO 6632 --- [main] o.s.s.web.DefaultSecurityFilterChain     : Will secure any request with [org.springframework.security.web.session.DisableEncodeUrlFilter@4cb91fa4, org.springframework.security.web.context.request.async.WebAsyncManagerIntegrationFilter@12aa2cca, org.springframework.security.web.context.SecurityContextPersistenceFilter@277474fc, org.springframework.security.web.header.HeaderWriterFilter@122ea8dc, org.springframework.security.web.csrf.CsrfFilter@84eafc2, org.springframework.security.web.authentication.logout.LogoutFilter@4a013b23, org.springframework.security.oauth2.client.web.OAuth2AuthorizationRequestRedirectFilter@7b11ff9a, org.springframework.security.oauth2.client.web.OAuth2LoginAuthenticationFilter@3bd79444, org.springframework.security.web.authentication.UsernamePasswordAuthenticationFilter@498f5728, org.springframework.security.web.savedrequest.RequestCacheAwareFilter@51a69e8f, org.springframework.security.web.servletapi.SecurityContextHolderAwareRequestFilter@6442cf3e, org.springframework.security.web.authentication.AnonymousAuthenticationFilter@3dc4ed6f, org.springframework.security.web.session.SessionManagementFilter@239bc43f, org.springframework.security.web.access.ExceptionTranslationFilter@7298c2d9, org.springframework.security.web.access.intercept.FilterSecurityInterceptor@48cbe1c9]
2022-10-28 12:20:38.088  INFO 6632 --- [main] o.s.b.w.embedded.tomcat.TomcatWebServer  : Tomcat started on port(s): 8080 (http) with context path ''
2022-10-28 12:20:38.102  INFO 6632 --- [main] com.nnk.springboot.Application           : Started Application in 5.154 seconds (JVM running for 5.87)
2022-10-28 12:20:42.789  INFO 6632 --- [http-nio-8080-exec-1] o.a.c.c.C.[Tomcat].[localhost].[/]       : Initializing Spring DispatcherServlet 'dispatcherServlet'
2022-10-28 12:20:42.789  INFO 6632 --- [http-nio-8080-exec-1] o.s.web.servlet.DispatcherServlet        : Initializing Servlet 'dispatcherServlet'
2022-10-28 12:20:42.791  INFO 6632 --- [http-nio-8080-exec-1] o.s.web.servlet.DispatcherServlet        : Completed initialization in 2 ms
2022-10-28 12:20:42.902  INFO 6632 --- [http-nio-8080-exec-2] com.nnk.springboot.aspect.LoggingAspect  : Method login with parameters [] called
2022-10-28 12:20:42.908  INFO 6632 --- [http-nio-8080-exec-2] com.nnk.springboot.aspect.LoggingAspect  : Method login with parameters [] executed
2022-10-28 12:20:54.488  INFO 6632 --- [http-nio-8080-exec-6] com.nnk.springboot.aspect.LoggingAspect  : Method home with parameters [{}] called
2022-10-28 12:20:54.494  INFO 6632 --- [http-nio-8080-exec-6] com.nnk.springboot.aspect.LoggingAspect  : Method home with parameters [{}] executed
2022-10-28 12:20:55.990  INFO 6632 --- [http-nio-8080-exec-8] com.nnk.springboot.aspect.LoggingAspect  : Method login with parameters [] called
2022-10-28 12:20:55.991  INFO 6632 --- [http-nio-8080-exec-8] com.nnk.springboot.aspect.LoggingAspect  : Method login with parameters [] executed
2022-10-28 12:21:01.131  INFO 6632 --- [http-nio-8080-exec-2] com.nnk.springboot.aspect.LoggingAspect  : Method getAllBiddList with parameters [{}] called
2022-10-28 12:21:01.159  INFO 6632 --- [http-nio-8080-exec-2] com.nnk.springboot.aspect.LoggingAspect  : Method getAllBiddList with parameters [{bidLists=[BidList{BidListId=65, account='accoutest3', type='typtest3'}, BidList{BidListId=68, account='accoutest', type='typtest'}]}] executed
2022-10-28 12:21:25.880  INFO 6632 --- [http-nio-8080-exec-4] com.nnk.springboot.aspect.LoggingAspect  : Method home with parameters [{}] called
2022-10-28 12:21:25.892  INFO 6632 --- [http-nio-8080-exec-4] com.nnk.springboot.aspect.LoggingAspect  : Method home with parameters [{curvePoints=[]}] executed
2022-10-28 12:21:26.780  INFO 6632 --- [http-nio-8080-exec-6] com.nnk.springboot.aspect.LoggingAspect  : Method home with parameters [{}] called
2022-10-28 12:21:26.789  INFO 6632 --- [http-nio-8080-exec-6] com.nnk.springboot.aspect.LoggingAspect  : Method home with parameters [{ratings=[]}] executed
2022-10-28 12:21:27.558  INFO 6632 --- [http-nio-8080-exec-8] com.nnk.springboot.aspect.LoggingAspect  : Method home with parameters [{}] called
2022-10-28 12:21:27.565  INFO 6632 --- [http-nio-8080-exec-8] com.nnk.springboot.aspect.LoggingAspect  : Method home with parameters [{tradeList=[]}] executed
2022-10-28 12:21:28.898  INFO 6632 --- [http-nio-8080-exec-10] com.nnk.springboot.aspect.LoggingAspect  : Method home with parameters [{}] called
2022-10-28 12:21:28.907  INFO 6632 --- [http-nio-8080-exec-10] com.nnk.springboot.aspect.LoggingAspect  : Method home with parameters [{ruleNames=[]}] executed
2022-10-28 12:21:29.899  INFO 6632 --- [http-nio-8080-exec-2] com.nnk.springboot.aspect.LoggingAspect  : Method getAllBiddList with parameters [{}] called
2022-10-28 12:21:29.903  INFO 6632 --- [http-nio-8080-exec-2] com.nnk.springboot.aspect.LoggingAspect  : Method getAllBiddList with parameters [{bidLists=[BidList{BidListId=65, account='accoutest3', type='typtest3'}, BidList{BidListId=68, account='accoutest', type='typtest'}]}] executed
2022-10-28 12:21:32.342  INFO 6632 --- [http-nio-8080-exec-5] com.nnk.springboot.aspect.LoggingAspect  : Method login with parameters [] called
2022-10-28 12:21:32.343  INFO 6632 --- [http-nio-8080-exec-5] com.nnk.springboot.aspect.LoggingAspect  : Method login with parameters [] executed
2022-10-28 12:21:37.077  INFO 6632 --- [http-nio-8080-exec-8] com.nnk.springboot.aspect.LoggingAspect  : Method getAllBiddList with parameters [{}] called
2022-10-28 12:21:37.083  INFO 6632 --- [http-nio-8080-exec-8] com.nnk.springboot.aspect.LoggingAspect  : Method getAllBiddList with parameters [{bidLists=[BidList{BidListId=65, account='accoutest3', type='typtest3'}, BidList{BidListId=68, account='accoutest', type='typtest'}]}] executed
2022-10-28 12:21:39.205  INFO 6632 --- [http-nio-8080-exec-10] com.nnk.springboot.aspect.LoggingAspect  : Method getAllBiddList with parameters [{}] called
2022-10-28 12:21:39.210  INFO 6632 --- [http-nio-8080-exec-10] com.nnk.springboot.aspect.LoggingAspect  : Method getAllBiddList with parameters [{bidLists=[BidList{BidListId=65, account='accoutest3', type='typtest3'}, BidList{BidListId=68, account='accoutest', type='typtest'}]}] executed
2022-10-28 12:21:39.729  INFO 6632 --- [http-nio-8080-exec-2] com.nnk.springboot.aspect.LoggingAspect  : Method home with parameters [{}] called
2022-10-28 12:21:39.733  INFO 6632 --- [http-nio-8080-exec-2] com.nnk.springboot.aspect.LoggingAspect  : Method home with parameters [{curvePoints=[]}] executed
2022-10-28 12:21:41.711  INFO 6632 --- [http-nio-8080-exec-4] com.nnk.springboot.aspect.LoggingAspect  : Method home with parameters [{}] called
2022-10-28 12:21:41.715  INFO 6632 --- [http-nio-8080-exec-4] com.nnk.springboot.aspect.LoggingAspect  : Method home with parameters [{ruleNames=[]}] executed
2022-10-28 12:21:42.807  INFO 6632 --- [http-nio-8080-exec-7] com.nnk.springboot.aspect.LoggingAspect  : Method getAllBiddList with parameters [{}] called
2022-10-28 12:21:42.814  INFO 6632 --- [http-nio-8080-exec-7] com.nnk.springboot.aspect.LoggingAspect  : Method getAllBiddList with parameters [{bidLists=[BidList{BidListId=65, account='accoutest3', type='typtest3'}, BidList{BidListId=68, account='accoutest', type='typtest'}]}] executed
2022-10-28 12:21:45.899  INFO 6632 --- [http-nio-8080-exec-9] com.nnk.springboot.aspect.LoggingAspect  : Method showUpdateForm with parameters [65, {}] called
2022-10-28 12:21:45.915  INFO 6632 --- [http-nio-8080-exec-9] com.nnk.springboot.aspect.LoggingAspect  : Method showUpdateForm with parameters [65, {bidList=BidList{BidListId=65, account='accoutest3', type='typtest3'}}] executed
2022-10-28 12:21:49.371  INFO 6632 --- [http-nio-8080-exec-1] com.nnk.springboot.aspect.LoggingAspect  : Method getAllBiddList with parameters [{}] called
2022-10-28 12:21:49.376  INFO 6632 --- [http-nio-8080-exec-1] com.nnk.springboot.aspect.LoggingAspect  : Method getAllBiddList with parameters [{bidLists=[BidList{BidListId=65, account='accoutest3', type='typtest3'}, BidList{BidListId=68, account='accoutest', type='typtest'}]}] executed
2022-10-28 12:21:50.891  INFO 6632 --- [http-nio-8080-exec-3] com.nnk.springboot.aspect.LoggingAspect  : Method addBidForm with parameters [BidList{BidListId=null, account='null', type='null'}] called
2022-10-28 12:21:50.891  INFO 6632 --- [http-nio-8080-exec-3] com.nnk.springboot.aspect.LoggingAspect  : Method addBidForm with parameters [BidList{BidListId=null, account='null', type='null'}] executed
2022-10-28 12:22:11.396  INFO 6632 --- [http-nio-8080-exec-5] com.nnk.springboot.aspect.LoggingAspect  : Method addBid with parameters [BidList{BidListId=null, account='accoutest99', type='typtest99'}, org.springframework.validation.BeanPropertyBindingResult: 0 errors, {bidList=BidList{BidListId=null, account='accoutest99', type='typtest99'}, org.springframework.validation.BindingResult.bidList=org.springframework.validation.BeanPropertyBindingResult: 0 errors}] called
2022-10-28 12:22:11.442  INFO 6632 --- [http-nio-8080-exec-5] com.nnk.springboot.aspect.LoggingAspect  : Method addBid with parameters [BidList{BidListId=70, account='accoutest99', type='typtest99'}, org.springframework.validation.BeanPropertyBindingResult: 0 errors, {bidList=BidList{BidListId=70, account='accoutest99', type='typtest99'}, org.springframework.validation.BindingResult.bidList=org.springframework.validation.BeanPropertyBindingResult: 0 errors, bidLists=[BidList{BidListId=65, account='accoutest3', type='typtest3'}, BidList{BidListId=68, account='accoutest', type='typtest'}, BidList{BidListId=70, account='accoutest99', type='typtest99'}]}] executed
2022-10-28 12:22:11.463  INFO 6632 --- [http-nio-8080-exec-6] com.nnk.springboot.aspect.LoggingAspect  : Method getAllBiddList with parameters [{}] called
2022-10-28 12:22:11.468  INFO 6632 --- [http-nio-8080-exec-6] com.nnk.springboot.aspect.LoggingAspect  : Method getAllBiddList with parameters [{bidLists=[BidList{BidListId=65, account='accoutest3', type='typtest3'}, BidList{BidListId=68, account='accoutest', type='typtest'}, BidList{BidListId=70, account='accoutest99', type='typtest99'}]}] executed
2022-10-28 12:22:18.716  INFO 6632 --- [http-nio-8080-exec-8] com.nnk.springboot.aspect.LoggingAspect  : Method showUpdateForm with parameters [70, {}] called
2022-10-28 12:22:18.721  INFO 6632 --- [http-nio-8080-exec-8] com.nnk.springboot.aspect.LoggingAspect  : Method showUpdateForm with parameters [70, {bidList=BidList{BidListId=70, account='accoutest99', type='typtest99'}}] executed
2022-10-28 12:22:32.939  INFO 6632 --- [http-nio-8080-exec-10] com.nnk.springboot.aspect.LoggingAspect  : Method updateBid with parameters [70, BidList{BidListId=70, account='accoutest98', type='typtest98'}, org.springframework.validation.BeanPropertyBindingResult: 0 errors, {bidList=BidList{BidListId=70, account='accoutest98', type='typtest98'}, org.springframework.validation.BindingResult.bidList=org.springframework.validation.BeanPropertyBindingResult: 0 errors}] called
2022-10-28 12:22:32.961  INFO 6632 --- [http-nio-8080-exec-10] com.nnk.springboot.aspect.LoggingAspect  : Method updateBid with parameters [70, BidList{BidListId=70, account='accoutest98', type='typtest98'}, org.springframework.validation.BeanPropertyBindingResult: 0 errors, {bidList=BidList{BidListId=70, account='accoutest98', type='typtest98'}, org.springframework.validation.BindingResult.bidList=org.springframework.validation.BeanPropertyBindingResult: 0 errors, bidLists=[BidList{BidListId=65, account='accoutest3', type='typtest3'}, BidList{BidListId=68, account='accoutest', type='typtest'}, BidList{BidListId=70, account='accoutest98', type='typtest98'}]}] executed
2022-10-28 12:22:32.977  INFO 6632 --- [http-nio-8080-exec-1] com.nnk.springboot.aspect.LoggingAspect  : Method getAllBiddList with parameters [{}] called
2022-10-28 12:22:32.981  INFO 6632 --- [http-nio-8080-exec-1] com.nnk.springboot.aspect.LoggingAspect  : Method getAllBiddList with parameters [{bidLists=[BidList{BidListId=65, account='accoutest3', type='typtest3'}, BidList{BidListId=68, account='accoutest', type='typtest'}, BidList{BidListId=70, account='accoutest98', type='typtest98'}]}] executed
2022-10-28 12:22:39.331  INFO 6632 --- [http-nio-8080-exec-3] com.nnk.springboot.aspect.LoggingAspect  : Method deleteBid with parameters [70, {}] called
2022-10-28 12:22:39.346  INFO 6632 --- [http-nio-8080-exec-3] com.nnk.springboot.aspect.LoggingAspect  : Method deleteBid with parameters [70, {bidLists=[BidList{BidListId=65, account='accoutest3', type='typtest3'}, BidList{BidListId=68, account='accoutest', type='typtest'}]}] executed
2022-10-28 12:22:39.360  INFO 6632 --- [http-nio-8080-exec-4] com.nnk.springboot.aspect.LoggingAspect  : Method getAllBiddList with parameters [{}] called
2022-10-28 12:22:39.364  INFO 6632 --- [http-nio-8080-exec-4] com.nnk.springboot.aspect.LoggingAspect  : Method getAllBiddList with parameters [{bidLists=[BidList{BidListId=65, account='accoutest3', type='typtest3'}, BidList{BidListId=68, account='accoutest', type='typtest'}]}] executed
2022-10-28 12:22:54.104  INFO 6632 --- [http-nio-8080-exec-8] com.nnk.springboot.aspect.LoggingAspect  : Method login with parameters [] called
2022-10-28 12:22:54.104  INFO 6632 --- [http-nio-8080-exec-8] com.nnk.springboot.aspect.LoggingAspect  : Method login with parameters [] executed
2022-10-28 12:22:59.211  INFO 6632 --- [http-nio-8080-exec-1] com.nnk.springboot.aspect.LoggingAspect  : Method getAllBiddList with parameters [{}] called
2022-10-28 12:22:59.216  INFO 6632 --- [http-nio-8080-exec-1] com.nnk.springboot.aspect.LoggingAspect  : Method getAllBiddList with parameters [{bidLists=[BidList{BidListId=65, account='accoutest3', type='typtest3'}, BidList{BidListId=68, account='accoutest', type='typtest'}]}] executed
2022-10-28 12:23:07.820  INFO 6632 --- [http-nio-8080-exec-3] com.nnk.springboot.aspect.LoggingAspect  : Method home with parameters [{}] called
2022-10-28 12:23:07.830  INFO 6632 --- [http-nio-8080-exec-3] com.nnk.springboot.aspect.LoggingAspect  : Method home with parameters [{users=[com.nnk.springboot.domain.User@2c9b6bf1, com.nnk.springboot.domain.User@6e74a894]}] executed
2022-10-28 12:23:09.656  INFO 6632 --- [http-nio-8080-exec-5] com.nnk.springboot.aspect.LoggingAspect  : Method addUser with parameters [com.nnk.springboot.domain.User@41c2912] called
2022-10-28 12:23:09.657  INFO 6632 --- [http-nio-8080-exec-5] com.nnk.springboot.aspect.LoggingAspect  : Method addUser with parameters [com.nnk.springboot.domain.User@41c2912] executed
2022-10-28 12:23:48.484  INFO 6632 --- [http-nio-8080-exec-7] com.nnk.springboot.aspect.LoggingAspect  : Method validate with parameters [com.nnk.springboot.domain.User@11b32ff0, org.springframework.validation.BeanPropertyBindingResult: 0 errors, {user=com.nnk.springboot.domain.User@11b32ff0, org.springframework.validation.BindingResult.user=org.springframework.validation.BeanPropertyBindingResult: 0 errors}] called
2022-10-28 12:23:48.623  INFO 6632 --- [http-nio-8080-exec-7] com.nnk.springboot.aspect.LoggingAspect  : Method validate with parameters [com.nnk.springboot.domain.User@11b32ff0, org.springframework.validation.BeanPropertyBindingResult: 0 errors, {user=com.nnk.springboot.domain.User@11b32ff0, org.springframework.validation.BindingResult.user=org.springframework.validation.BeanPropertyBindingResult: 0 errors, users=[com.nnk.springboot.domain.User@7b172f2d, com.nnk.springboot.domain.User@c18b4f2, com.nnk.springboot.domain.User@11b32ff0]}] executed
2022-10-28 12:23:48.633  INFO 6632 --- [http-nio-8080-exec-8] com.nnk.springboot.aspect.LoggingAspect  : Method home with parameters [{}] called
2022-10-28 12:23:48.637  INFO 6632 --- [http-nio-8080-exec-8] com.nnk.springboot.aspect.LoggingAspect  : Method home with parameters [{users=[com.nnk.springboot.domain.User@5546727a, com.nnk.springboot.domain.User@4be2db3b, com.nnk.springboot.domain.User@157be02a]}] executed
2022-10-28 12:23:59.771  INFO 6632 --- [http-nio-8080-exec-1] com.nnk.springboot.aspect.LoggingAspect  : Method showUpdateForm with parameters [71, {}] called
2022-10-28 12:23:59.775  INFO 6632 --- [http-nio-8080-exec-1] com.nnk.springboot.aspect.LoggingAspect  : Method showUpdateForm with parameters [71, {user=com.nnk.springboot.domain.User@194e7100}] executed
2022-10-28 12:24:14.095  INFO 6632 --- [http-nio-8080-exec-3] com.nnk.springboot.aspect.LoggingAspect  : Method updateUser with parameters [71, com.nnk.springboot.domain.User@7f7e2b8f, org.springframework.validation.BeanPropertyBindingResult: 0 errors, {user=com.nnk.springboot.domain.User@7f7e2b8f, org.springframework.validation.BindingResult.user=org.springframework.validation.BeanPropertyBindingResult: 0 errors}] called
2022-10-28 12:24:14.235  INFO 6632 --- [http-nio-8080-exec-3] com.nnk.springboot.aspect.LoggingAspect  : Method updateUser with parameters [71, com.nnk.springboot.domain.User@7f7e2b8f, org.springframework.validation.BeanPropertyBindingResult: 0 errors, {user=com.nnk.springboot.domain.User@7f7e2b8f, org.springframework.validation.BindingResult.user=org.springframework.validation.BeanPropertyBindingResult: 0 errors, users=[com.nnk.springboot.domain.User@70b3ad54, com.nnk.springboot.domain.User@53eaf5ea, com.nnk.springboot.domain.User@49bbbad2]}] executed
2022-10-28 12:24:14.244  INFO 6632 --- [http-nio-8080-exec-4] com.nnk.springboot.aspect.LoggingAspect  : Method home with parameters [{}] called
2022-10-28 12:24:14.249  INFO 6632 --- [http-nio-8080-exec-4] com.nnk.springboot.aspect.LoggingAspect  : Method home with parameters [{users=[com.nnk.springboot.domain.User@50772edb, com.nnk.springboot.domain.User@57a5c09a, com.nnk.springboot.domain.User@3e4d3d43]}] executed
2022-10-28 12:24:19.092  INFO 6632 --- [http-nio-8080-exec-6] com.nnk.springboot.aspect.LoggingAspect  : Method deleteUser with parameters [71, {}] called
2022-10-28 12:24:19.104  INFO 6632 --- [http-nio-8080-exec-6] com.nnk.springboot.aspect.LoggingAspect  : Method deleteUser with parameters [71, {users=[com.nnk.springboot.domain.User@47e68f5d, com.nnk.springboot.domain.User@63a34485]}] executed
2022-10-28 12:24:19.119  INFO 6632 --- [http-nio-8080-exec-7] com.nnk.springboot.aspect.LoggingAspect  : Method home with parameters [{}] called
2022-10-28 12:24:19.123  INFO 6632 --- [http-nio-8080-exec-7] com.nnk.springboot.aspect.LoggingAspect  : Method home with parameters [{users=[com.nnk.springboot.domain.User@44fda462, com.nnk.springboot.domain.User@7faf98f0]}] executed
