2022-10-28 06:03:26.215  INFO 19496 --- [main] com.nnk.springboot.Application           : Starting Application using Java 17.0.3.1 on DESKTOP-3DNGVDD with PID 19496 (C:\projet\Classrooms\Projet 7\Poseidon\target\classes started by lehch in C:\projet\Classrooms\Projet 7\Poseidon)
2022-10-28 06:03:26.217 DEBUG 19496 --- [main] com.nnk.springboot.Application           : Running with Spring Boot v2.7.2, Spring v5.3.22
2022-10-28 06:03:26.218  INFO 19496 --- [main] com.nnk.springboot.Application           : No active profile set, falling back to 1 default profile: "default"
2022-10-28 06:03:26.895  INFO 19496 --- [main] .s.d.r.c.RepositoryConfigurationDelegate : Bootstrapping Spring Data JPA repositories in DEFAULT mode.
2022-10-28 06:03:26.980  INFO 19496 --- [main] .s.d.r.c.RepositoryConfigurationDelegate : Finished Spring Data repository scanning in 73 ms. Found 6 JPA repository interfaces.
2022-10-28 06:03:27.602  INFO 19496 --- [main] o.s.b.w.embedded.tomcat.TomcatWebServer  : Tomcat initialized with port(s): 8080 (http)
2022-10-28 06:03:27.610  INFO 19496 --- [main] o.apache.catalina.core.StandardService   : Starting service [Tomcat]
2022-10-28 06:03:27.611  INFO 19496 --- [main] org.apache.catalina.core.StandardEngine  : Starting Servlet engine: [Apache Tomcat/9.0.65]
2022-10-28 06:03:27.743  INFO 19496 --- [main] o.a.c.c.C.[Tomcat].[localhost].[/]       : Initializing Spring embedded WebApplicationContext
2022-10-28 06:03:27.743  INFO 19496 --- [main] w.s.c.ServletWebServerApplicationContext : Root WebApplicationContext: initialization completed in 1469 ms
2022-10-28 06:03:27.841 DEBUG 19496 --- [main] o.s.b.w.s.ServletContextInitializerBeans : Mapping filters: springSecurityFilterChain urls=[/*] order=-100, filterRegistrationBean urls=[/*] order=2147483647, characterEncodingFilter urls=[/*] order=-2147483648, formContentFilter urls=[/*] order=-9900, requestContextFilter urls=[/*] order=-105
2022-10-28 06:03:27.841 DEBUG 19496 --- [main] o.s.b.w.s.ServletContextInitializerBeans : Mapping servlets: dispatcherServlet urls=[/]
2022-10-28 06:03:27.954  INFO 19496 --- [main] com.zaxxer.hikari.HikariDataSource       : HikariPool-1 - Starting...
2022-10-28 06:03:28.235  INFO 19496 --- [main] com.zaxxer.hikari.HikariDataSource       : HikariPool-1 - Start completed.
2022-10-28 06:03:29.255  INFO 19496 --- [main] j.LocalContainerEntityManagerFactoryBean : Initialized JPA EntityManagerFactory for persistence unit 'default'
2022-10-28 06:03:30.145  WARN 19496 --- [main] JpaBaseConfiguration$JpaWebConfiguration : spring.jpa.open-in-view is enabled by default. Therefore, database queries may be performed during view rendering. Explicitly configure spring.jpa.open-in-view to disable this warning
2022-10-28 06:03:30.254 DEBUG 19496 --- [main] s.w.s.m.m.a.RequestMappingHandlerMapping : 42 mappings in 'requestMappingHandlerMapping'
2022-10-28 06:03:30.392 DEBUG 19496 --- [main] o.s.w.s.handler.SimpleUrlHandlerMapping  : Patterns [/webjars/**, /**] in 'resourceHandlerMapping'
2022-10-28 06:03:30.502  INFO 19496 --- [main] o.s.s.web.DefaultSecurityFilterChain     : Will secure any request with [org.springframework.security.web.session.DisableEncodeUrlFilter@3bd79444, org.springframework.security.web.context.request.async.WebAsyncManagerIntegrationFilter@5671078e, org.springframework.security.web.context.SecurityContextPersistenceFilter@6cb417fc, org.springframework.security.web.header.HeaderWriterFilter@377cbdae, org.springframework.security.web.csrf.CsrfFilter@c4455b4, org.springframework.security.web.authentication.logout.LogoutFilter@5b76b891, org.springframework.security.oauth2.client.web.OAuth2AuthorizationRequestRedirectFilter@1a34772e, org.springframework.security.oauth2.client.web.OAuth2LoginAuthenticationFilter@401002ce, org.springframework.security.web.authentication.UsernamePasswordAuthenticationFilter@6ca30886, org.springframework.security.web.savedrequest.RequestCacheAwareFilter@32430075, org.springframework.security.web.servletapi.SecurityContextHolderAwareRequestFilter@1a45e29f, org.springframework.security.web.authentication.AnonymousAuthenticationFilter@3fd21272, org.springframework.security.web.session.SessionManagementFilter@74d776fb, org.springframework.security.web.access.ExceptionTranslationFilter@7962c1d5, org.springframework.security.web.access.intercept.FilterSecurityInterceptor@38834000]
2022-10-28 06:03:30.592 DEBUG 19496 --- [main] s.w.s.m.m.a.RequestMappingHandlerAdapter : ControllerAdvice beans: 0 @ModelAttribute, 0 @InitBinder, 1 RequestBodyAdvice, 1 ResponseBodyAdvice
2022-10-28 06:03:30.634 DEBUG 19496 --- [main] .m.m.a.ExceptionHandlerExceptionResolver : ControllerAdvice beans: 0 @ExceptionHandler, 1 ResponseBodyAdvice
2022-10-28 06:03:30.875  WARN 19496 --- [main] ConfigServletWebServerApplicationContext : Exception encountered during context initialization - cancelling refresh attempt: org.springframework.context.ApplicationContextException: Failed to start bean 'webServerStartStop'; nested exception is org.springframework.boot.web.server.PortInUseException: Port 8080 is already in use
2022-10-28 06:03:30.880  INFO 19496 --- [main] j.LocalContainerEntityManagerFactoryBean : Closing JPA EntityManagerFactory for persistence unit 'default'
2022-10-28 06:03:30.881  INFO 19496 --- [main] com.zaxxer.hikari.HikariDataSource       : HikariPool-1 - Shutdown initiated...
2022-10-28 06:03:30.890  INFO 19496 --- [main] com.zaxxer.hikari.HikariDataSource       : HikariPool-1 - Shutdown completed.
2022-10-28 06:03:30.891  INFO 19496 --- [main] o.apache.catalina.core.StandardService   : Stopping service [Tomcat]
2022-10-28 06:03:30.906  INFO 19496 --- [main] ConditionEvaluationReportLoggingListener : 

Error starting ApplicationContext. To display the conditions report re-run your application with 'debug' enabled.
2022-10-28 06:03:30.923 ERROR 19496 --- [main] o.s.b.d.LoggingFailureAnalysisReporter   : 

***************************
APPLICATION FAILED TO START
***************************

Description:

Web server failed to start. Port 8080 was already in use.

Action:

Identify and stop the process that's listening on port 8080 or configure this application to listen on another port.

